2020-10-31T12:49:49.920 INFO iotfunctions.enginelog.start_run_log Started logging into file run.log. Object Store path will be Monitor-Demo/Satellite/20201031/114949_run.gz
2020-10-31T12:49:49.921 DEBUG iotfunctions.pipeline.execute Starting execution number: 0 with execution date: 2020-10-31 11:49:49.919611
2020-10-31T12:49:49.922 DEBUG iotfunctions.pipeline.get_last_execution_date No last execution date to return from null job log
2020-10-31T12:49:49.923 DEBUG iotfunctions.pipeline.get_next_execution_date Last execution of schedule 5min was None. Next execution due 2020-10-31 11:49:49.919611.
2020-10-31T12:49:49.924 DEBUG iotfunctions.pipeline.get_last_execution_date No last execution date to return from null job log
2020-10-31T12:49:49.925 DEBUG iotfunctions.pipeline.evaluate_schedules Schedule 5min will execute
2020-10-31T12:49:49.926 DEBUG iotfunctions.util.reset Started a new trace auto_trace_Satellite_20201031114949 
2020-10-31T12:49:49.927 DEBUG iotfunctions.pipeline.clear_old_running Null Job Log has no old running job log entries to clear
2020-10-31T12:49:49.927 INFO iotfunctions.pipeline.insert Null job log entry created (Satellite,5min): 2020-10-31 11:49:49.919611
2020-10-31T12:49:49.928 DEBUG iotfunctions.pipeline.build_job_spec Building a job spec for schedule 5min with subsumbed schedules ['5min']
2020-10-31T12:49:49.929 DEBUG iotfunctions.pipeline.build_stages_of_type Gathered stages of type get_data. Iteration 0: ['System generated DataReader stage: read_entity_data. Reads data from objects: SATELLITE']
2020-10-31T12:49:49.930 DEBUG iotfunctions.pipeline.build_stages_of_type Built stages of type get_data
2020-10-31T12:49:49.931 DEBUG iotfunctions.pipeline.build_stages_of_type Available columns: {'evt_timestamp', 'deviceid'}
2020-10-31T12:49:49.932 DEBUG iotfunctions.pipeline.build_stages_of_type Built stages of type transform
2020-10-31T12:49:49.932 DEBUG iotfunctions.pipeline.build_stages_of_type Available columns: {'evt_timestamp', 'deviceid'}
2020-10-31T12:49:49.933 DEBUG iotfunctions.pipeline.build_job_spec Evaluating data source read_entity_data. Data items required from this source for this execution are {'evt_timestamp', 'deviceid'}
2020-10-31T12:49:49.934 DEBUG iotfunctions.pipeline.build_job_spec Build of job spec is complete.
2020-10-31T12:49:49.935 DEBUG iotfunctions.pipeline.build_job_spec -------------------------------
2020-10-31T12:49:49.935 DEBUG iotfunctions.pipeline.build_job_spec skipped_stages:
2020-10-31T12:49:49.936 INFO iotfunctions.pipeline.build_job_spec   SatelliteXTorquerModel at granularity None requires inputs {'xtorquer_voltage', 'xtorquer_current', 'xtorquer_power'} produces outputs ['http_preload_done'] on schedule None
2020-10-31T12:49:49.937 DEBUG iotfunctions.pipeline.build_job_spec input_level:
2020-10-31T12:49:49.937 INFO iotfunctions.pipeline.build_job_spec   System generated DataReader stage: read_entity_data. Reads data from objects: SATELLITE
2020-10-31T12:49:49.938 INFO iotfunctions.pipeline.build_job_spec   System generated DropNull stage
2020-10-31T12:49:49.939 DEBUG iotfunctions.pipeline.build_job_spec -------------------------------
2020-10-31T12:49:49.940 WARNING iotfunctions.pipeline.write Skipped due to dependency issue
2020-10-31T12:49:49.941 WARNING iotfunctions.pipeline.write StageException
2020-10-31T12:49:49.942 WARNING iotfunctions.pipeline.write Skipped due to dependency issue
2020-10-31T12:49:49.942 WARNING iotfunctions.pipeline.write NoneType: None

2020-10-31T12:49:49.944 WARNING iotfunctions.pipeline.write Execution aborted
2020-10-31T12:49:49.945 DEBUG iotfunctions.util.save wrote trace to file auto_trace_Satellite_20201031114949.json
2020-10-31T12:49:49.946 INFO iotfunctions.pipeline.update Updated job log (Satellite,5min): 2020-10-31 11:49:49.919611
2020-10-31T12:49:49.947 INFO iotfunctions.pipeline.update {}
